[debug] [2023-04-21T22:16:30.342Z] ----------------------------------------------------------------------
[debug] [2023-04-21T22:16:30.361Z] Command:       E:\node\node.exe C:\Users\Eng_Muhamed El-Nayed\AppData\Roaming\npm\node_modules\firebase-tools\lib\bin\firebase.js emulators:start --only functions
[debug] [2023-04-21T22:16:30.366Z] CLI Version:   11.27.0
[debug] [2023-04-21T22:16:30.403Z] Platform:      win32
[debug] [2023-04-21T22:16:30.404Z] Node Version:  v18.14.2
[debug] [2023-04-21T22:16:30.739Z] Time:          Sat Apr 22 2023 00:16:30 GMT+0200 (توقيت شرق أوروبا الرسمي)
[debug] [2023-04-21T22:16:30.742Z] ----------------------------------------------------------------------
[debug] 
[debug] [2023-04-21T22:16:33.065Z] > command requires scopes: ["email","openid","https://www.googleapis.com/auth/cloudplatformprojects.readonly","https://www.googleapis.com/auth/firebase","https://www.googleapis.com/auth/cloud-platform"]
[debug] [2023-04-21T22:16:33.071Z] > authorizing via signed-in user (muh22199922@gmail.com)
[info] i  emulators: Starting emulators: functions {"metadata":{"emulator":{"name":"hub"},"message":"Starting emulators: functions"}}
[debug] [2023-04-21T22:16:33.450Z] [logging] Logging Emulator only supports listening on one address (127.0.0.1). Not listening on ::1
[debug] [2023-04-21T22:16:33.455Z] assigned listening specs for emulators {"user":{"hub":[{"address":"127.0.0.1","family":"IPv4","port":4400},{"address":"::1","family":"IPv6","port":4400}],"ui":[{"address":"127.0.0.1","family":"IPv4","port":4000},{"address":"::1","family":"IPv6","port":4000}],"logging":[{"address":"127.0.0.1","family":"IPv4","port":4500}]},"metadata":{"message":"assigned listening specs for emulators"}}
[debug] [2023-04-21T22:16:33.669Z] [hub] writing locator at C:\Users\ENG_MU~1\AppData\Local\Temp\hub-clone-dd3ca.json
[debug] [2023-04-21T22:16:34.111Z] [functions] Functions Emulator only supports listening on one address (127.0.0.1). Not listening on ::1
[debug] [2023-04-21T22:16:34.112Z] [eventarc] Eventarc Emulator only supports listening on one address (127.0.0.1). Not listening on ::1
[debug] [2023-04-21T22:16:34.114Z] late-assigned ports for functions and eventarc emulators {"user":{"hub":[{"address":"127.0.0.1","family":"IPv4","port":4400},{"address":"::1","family":"IPv6","port":4400}],"ui":[{"address":"127.0.0.1","family":"IPv4","port":4000},{"address":"::1","family":"IPv6","port":4000}],"logging":[{"address":"127.0.0.1","family":"IPv4","port":4500}],"functions":[{"address":"127.0.0.1","family":"IPv4","port":5001}],"eventarc":[{"address":"127.0.0.1","family":"IPv4","port":9299}]},"metadata":{"message":"late-assigned ports for functions and eventarc emulators"}}
[warn] !  functions: The following emulators are not running, calls to these services from the Functions emulator will affect production: auth, firestore, database, hosting, pubsub, storage {"metadata":{"emulator":{"name":"functions"},"message":"The following emulators are not running, calls to these services from the Functions emulator will affect production: \u001b[1mauth, firestore, database, hosting, pubsub, storage\u001b[22m"}}
[debug] [2023-04-21T22:16:34.134Z] defaultcredentials: writing to file C:\Users\Eng_Muhamed El-Nayed\AppData\Roaming\firebase\muh22199922_gmail_com_application_default_credentials.json
[debug] [2023-04-21T22:16:35.375Z] Setting GAC to C:\Users\Eng_Muhamed El-Nayed\AppData\Roaming\firebase\muh22199922_gmail_com_application_default_credentials.json {"metadata":{"emulator":{"name":"functions"},"message":"Setting GAC to C:\\Users\\Eng_Muhamed El-Nayed\\AppData\\Roaming\\firebase\\muh22199922_gmail_com_application_default_credentials.json"}}
[debug] [2023-04-21T22:16:35.501Z] >>> [apiv2][query] GET https://firebase.googleapis.com/v1beta1/projects/clone-dd3ca/adminSdkConfig [none]
[debug] [2023-04-21T22:16:40.602Z] <<< [apiv2][status] GET https://firebase.googleapis.com/v1beta1/projects/clone-dd3ca/adminSdkConfig 200
[debug] [2023-04-21T22:16:40.604Z] <<< [apiv2][body] GET https://firebase.googleapis.com/v1beta1/projects/clone-dd3ca/adminSdkConfig {"projectId":"clone-dd3ca","databaseURL":"https://clone-dd3ca-default-rtdb.firebaseio.com","storageBucket":"clone-dd3ca.appspot.com"}
[debug] [2023-04-21T22:16:41.361Z] Ignoring unsupported arg: auto_download {"metadata":{"emulator":{"name":"ui"},"message":"Ignoring unsupported arg: auto_download"}}
[debug] [2023-04-21T22:16:41.363Z] Ignoring unsupported arg: port {"metadata":{"emulator":{"name":"ui"},"message":"Ignoring unsupported arg: port"}}
[debug] [2023-04-21T22:16:41.364Z] Starting Emulator UI with command {"binary":"node","args":["C:\\Users\\Eng_Muhamed El-Nayed\\.cache\\firebase\\emulators\\ui-v1.11.5\\server\\server.js"],"optionalArgs":[],"joinArgs":false} {"metadata":{"emulator":{"name":"ui"},"message":"Starting Emulator UI with command {\"binary\":\"node\",\"args\":[\"C:\\\\Users\\\\Eng_Muhamed El-Nayed\\\\.cache\\\\firebase\\\\emulators\\\\ui-v1.11.5\\\\server\\\\server.js\"],\"optionalArgs\":[],\"joinArgs\":false}"}}
[info] i  ui: Emulator UI logging to ui-debug.log {"metadata":{"emulator":{"name":"ui"},"message":"Emulator UI logging to \u001b[1mui-debug.log\u001b[22m"}}
[debug] [2023-04-21T22:16:50.623Z] Web / API server started at 127.0.0.1:4000
 {"metadata":{"emulator":{"name":"ui"},"message":"Web / API server started at 127.0.0.1:4000\n"}}
[debug] [2023-04-21T22:16:50.635Z] Web / API server started at ::1:4000
 {"metadata":{"emulator":{"name":"ui"},"message":"Web / API server started at ::1:4000\n"}}
[info] i  functions: Watching "C:\firstreact\amazon\functions" for Cloud Functions... {"metadata":{"emulator":{"name":"functions"},"message":"Watching \"C:\\firstreact\\amazon\\functions\" for Cloud Functions..."}}
[debug] [2023-04-21T22:16:50.918Z] Validating nodejs source
[debug] [2023-04-21T22:17:01.516Z] checkFunctionsSDKVersion was unable to fetch information from NPM Error: spawnSync C:\Windows\system32\cmd.exe ETIMEDOUT
    at Object.spawnSync (node:internal/child_process:1110:20)
    at Object.spawnSync (node:child_process:871:24)
    at Function.spawnSync [as sync] (C:\Users\Eng_Muhamed El-Nayed\AppData\Roaming\npm\node_modules\firebase-tools\node_modules\cross-spawn\index.js:26:23)
    at Object.getLatestSDKVersion (C:\Users\Eng_Muhamed El-Nayed\AppData\Roaming\npm\node_modules\firebase-tools\lib\deploy\functions\runtimes\node\versioning.js:55:25)
    at Object.checkFunctionsSDKVersion (C:\Users\Eng_Muhamed El-Nayed\AppData\Roaming\npm\node_modules\firebase-tools\lib\deploy\functions\runtimes\node\versioning.js:76:32)
    at Delegate.validate (C:\Users\Eng_Muhamed El-Nayed\AppData\Roaming\npm\node_modules\firebase-tools\lib\deploy\functions\runtimes\node\index.js:84:20)
    at FunctionsEmulator.discoverTriggers (C:\Users\Eng_Muhamed El-Nayed\AppData\Roaming\npm\node_modules\firebase-tools\lib\emulator\functionsEmulator.js:297:35)
    at async FunctionsEmulator.loadTriggers (C:\Users\Eng_Muhamed El-Nayed\AppData\Roaming\npm\node_modules\firebase-tools\lib\emulator\functionsEmulator.js:326:34)
    at async FunctionsEmulator.connect (C:\Users\Eng_Muhamed El-Nayed\AppData\Roaming\npm\node_modules\firebase-tools\lib\emulator\functionsEmulator.js:263:13)
    at async Object.startAll (C:\Users\Eng_Muhamed El-Nayed\AppData\Roaming\npm\node_modules\firebase-tools\lib\emulator\controller.js:558:13)
    at async C:\Users\Eng_Muhamed El-Nayed\AppData\Roaming\npm\node_modules\firebase-tools\lib\commands\emulators-start.js:32:43
[debug] [2023-04-21T22:17:01.521Z] > [functions] package.json contents: {
  "name": "functions",
  "description": "Cloud Functions for Firebase",
  "scripts": {
    "lint": "eslint .",
    "serve": "firebase emulators:start --only functions",
    "shell": "firebase functions:shell",
    "start": "npm run shell",
    "deploy": "firebase deploy --only functions",
    "logs": "firebase functions:log"
  },
  "engines": {
    "node": "16"
  },
  "main": "index.js",
  "dependencies": {
    "cors": "^2.8.5",
    "express": "^4.18.2",
    "firebase-admin": "^11.5.0",
    "firebase-functions": "^4.2.0",
    "stripe": "^12.1.1"
  },
  "devDependencies": {
    "eslint": "^8.15.0",
    "eslint-config-google": "^0.14.0",
    "firebase-functions-test": "^3.0.0"
  },
  "private": true
}
[debug] [2023-04-21T22:17:01.526Z] Building nodejs source
[debug] [2023-04-21T22:17:01.531Z] Failed to find version of module node: reached end of search path C:\firstreact\amazon\functions\node_modules
[warn] !  functions: Your requested "node" version "16" doesn't match your global version "18". Using node@18 from host. 
[info] i  functions: Loaded environment variables from .env. 
[debug] [2023-04-21T22:17:01.671Z] Could not find functions.yaml. Must use http discovery
[debug] [2023-04-21T22:17:01.862Z] Found firebase-functions binary at 'C:\firstreact\amazon\functions\node_modules\.bin\firebase-functions'
[error] !!  functions: Failed to load function definition from source: FetchError: request to http://localhost:8517/__/quitquitquit failed, reason: connect ECONNREFUSED ::1:8517 {"metadata":{"emulator":{"name":"functions"},"message":"Failed to load function definition from source: FetchError: request to http://localhost:8517/__/quitquitquit failed, reason: connect ECONNREFUSED ::1:8517"}}
[info] 
┌─────────────────────────────────────────────────────────────┐
│ ✔  All emulators ready! It is now safe to connect your app. │
│ i  View Emulator UI at http://127.0.0.1:4000/               │
└─────────────────────────────────────────────────────────────┘

┌───────────┬────────────────┬─────────────────────────────────┐
│ Emulator  │ Host:Port      │ View in Emulator UI             │
├───────────┼────────────────┼─────────────────────────────────┤
│ Functions │ 127.0.0.1:5001 │ http://127.0.0.1:4000/functions │
└───────────┴────────────────┴─────────────────────────────────┘
  Emulator Hub running at 127.0.0.1:4400
  Other reserved ports: 4500

Issues? Report them at https://github.com/firebase/firebase-tools/issues and attach the *-debug.log files.
 
[debug] [2023-04-21T22:17:30.912Z] Serving at port 8517

